TN:
SF:src/config.ts
FNF:2
FNH:1
DA:1,30
DA:2,39
DA:5,28
DA:6,44
DA:7,35
DA:8,34
DA:9,77
DA:10,60
DA:11,68
DA:14,27
DA:15,10
DA:16,16
DA:17,31
DA:18,44
DA:19,19
DA:20,16
DA:21,32
DA:22,10
DA:23,17
DA:24,31
DA:25,7
DA:26,5
DA:27,6
DA:28,17
DA:29,41
DA:30,52
DA:31,46
DA:32,25
DA:33,19
DA:34,16
DA:35,37
DA:36,10
DA:37,17
DA:38,31
DA:39,10
DA:40,17
DA:41,48
DA:42,7
DA:43,5
DA:44,3
DA:45,4
DA:46,14
DA:47,40
DA:48,17
DA:49,4
DA:50,11
DA:51,15
DA:52,55
DA:53,22
DA:54,3
DA:55,2
DA:56,2
DA:59,37
DA:60,25
DA:65,1
DA:68,469
DA:83,101
DA:85,177
DA:87,88
DA:88,156
DA:91,167
DA:92,185
DA:95,81
DA:96,98
DA:102,28
DA:103,6
DA:104,10
DA:105,10
DA:106,11
DA:107,10
DA:108,11
DA:109,9
DA:110,2
DA:111,38
DA:112,31
DA:113,34
DA:114,1
DA:115,61
DA:116,30
DA:119,3
LF:121
LH:80
end_of_record
TN:
SF:src/environment.ts
FNF:1
FNH:1
DA:2,45
DA:3,56
DA:6,57
DA:7,53
DA:10,33
DA:11,59
DA:12,33
DA:13,59
DA:16,77
DA:17,2
DA:18,3
DA:21,35
DA:22,50
DA:23,3
DA:24,49
DA:25,78
DA:26,7
DA:27,21
DA:28,42
DA:29,64
DA:30,3
DA:31,46
DA:32,72
DA:33,3
DA:34,47
DA:35,74
DA:36,2
LF:37
LH:27
end_of_record
TN:
SF:src/index.ts
FNF:5
FNH:5
DA:1,30
DA:2,36
DA:3,46
DA:4,36
DA:5,48
DA:7,102
DA:14,24
DA:15,35
DA:17,31
DA:18,35
DA:19,4
DA:20,16
DA:22,19
DA:23,12
DA:24,1
DA:25,2
DA:26,4
DA:27,8
DA:28,21
DA:29,1
DA:30,2
DA:31,12
DA:32,17
DA:35,24
DA:36,28
DA:37,4
DA:38,26
DA:39,43
DA:40,2
DA:41,4
DA:42,8
DA:43,19
DA:44,50
DA:46,3
DA:47,13
DA:48,13
DA:49,107
DA:50,33
DA:51,2
DA:54,2
DA:55,8
DA:56,14
DA:58,29
DA:59,55
DA:60,27
DA:61,54
DA:62,3
DA:63,65
DA:65,11
DA:66,88
DA:67,45
DA:68,2
LF:69
LH:52
end_of_record
TN:
SF:src/v1/adapters/authenticate.ts
FNF:1
FNH:0
DA:2,41
DA:29,1
LF:31
LH:2
end_of_record
TN:
SF:src/v1/adapters/crypto.ts
FNF:2
FNH:0
DA:1,50
DA:52,1
DA:103,1
LF:105
LH:3
end_of_record
TN:
SF:src/v1/adapters/error.ts
FNF:3
FNH:0
DA:10,1
DA:24,7
DA:28,54
DA:32,41
DA:34,1
LF:35
LH:5
end_of_record
TN:
SF:src/v1/adapters/fetch.ts
FNF:1
FNH:0
DA:1,76
DA:7,55
DA:9,42
DA:10,42
DA:69,1
LF:71
LH:5
end_of_record
TN:
SF:src/v1/adapters/github/functions/app.ts
FNF:1
FNH:1
DA:1,28
DA:2,149
DA:10,36
DA:12,23
DA:13,37
DA:14,12
DA:15,35
DA:16,40
DA:17,4
DA:18,15
DA:19,35
DA:20,2
DA:21,2
LF:22
LH:13
end_of_record
TN:
SF:src/v1/adapters/github/functions/authenticate.ts
FNF:7
FNH:0
DA:1,33
DA:2,32
DA:3,33
DA:4,32
DA:5,64
DA:6,38
DA:7,52
DA:9,40
DA:10,48
DA:11,61
DA:12,46
DA:13,58
DA:14,57
DA:18,61
DA:20,42
DA:21,7
DA:22,25
DA:23,21
DA:24,15
DA:25,16
DA:30,1
DA:31,3
DA:63,1
DA:66,39
DA:67,16
DA:68,8
DA:69,17
DA:99,3
DA:103,68
DA:104,14
DA:105,16
DA:106,5
DA:107,7
DA:121,2
DA:145,3
DA:147,20
DA:148,17
DA:149,16
DA:150,16
DA:151,2
DA:152,6
DA:153,28
DA:154,17
DA:155,16
DA:156,2
DA:157,6
DA:158,34
DA:159,5
DA:160,13
DA:161,52
DA:162,36
DA:163,2
DA:165,2
DA:166,5
DA:167,9
DA:181,2
DA:187,3
DA:189,13
DA:190,52
DA:191,36
DA:192,2
DA:194,2
DA:222,1
LF:224
LH:63
end_of_record
TN:
SF:src/v1/adapters/github/functions/fetch.ts
FNF:6
FNH:0
DA:1,54
DA:2,68
DA:8,89
DA:15,46
DA:16,48
DA:18,46
DA:19,75
DA:74,1
DA:100,1
DA:148,1
DA:194,1
DA:248,1
LF:251
LH:12
end_of_record
TN:
SF:src/v1/adapters/github/functions/mutations.ts
FNF:3
FNH:0
DA:3,324
DA:207,1
DA:215,2
LF:217
LH:3
end_of_record
TN:
SF:src/v1/adapters/github/functions/parse.ts
FNF:1
FNH:0
DA:2,46
DA:3,44
DA:38,1
LF:40
LH:3
end_of_record
TN:
SF:src/v1/adapters/github/globals.ts
FNF:1
FNH:1
DA:1,36
DA:3,37
DA:4,1
LF:5
LH:3
end_of_record
TN:
SF:src/v1/adapters/github/graphql.ts
FNF:3
FNH:0
DA:1,36
DA:2,65
DA:9,46
DA:11,110
DA:62,2
DA:92,2
DA:119,1
LF:126
LH:7
end_of_record
TN:
SF:src/v1/adapters/github/index.ts
FNF:54
FNH:19
DA:7,33
DA:8,97
DA:14,78
DA:15,58
DA:16,71
DA:17,42
DA:18,189
DA:27,94
DA:32,70
DA:33,46
DA:34,45
DA:36,62
DA:37,46
DA:39,31
DA:49,75
DA:50,3
DA:113,2
DA:115,3
DA:116,13
DA:117,13
DA:118,148
DA:119,30
DA:120,2
DA:122,3
DA:129,65
DA:130,15
DA:131,31
DA:132,45
DA:133,4
DA:134,4
DA:135,4
DA:139,2
DA:141,3
DA:142,13
DA:143,13
DA:144,96
DA:145,18
DA:146,2
DA:148,2
DA:149,4
DA:150,11
DA:156,2
DA:158,3
DA:159,13
DA:160,13
DA:161,113
DA:162,18
DA:163,2
DA:167,1
DA:168,1
DA:169,3
DA:180,29
DA:181,29
DA:182,23
DA:183,2
DA:184,14
DA:185,15
DA:186,95
DA:187,26
DA:189,13
DA:190,22
DA:191,16
DA:192,18
DA:193,22
DA:194,55
DA:195,10
DA:196,69
DA:197,57
DA:198,2
DA:199,5
DA:200,7
DA:201,15
DA:202,24
DA:203,20
DA:204,3
DA:205,3
DA:214,63
DA:215,16
DA:216,47
DA:217,15
DA:218,18
DA:219,20
DA:220,3
DA:221,3
DA:229,55
DA:230,13
DA:231,23
DA:232,68
DA:233,41
DA:234,4
DA:235,3
DA:242,67
DA:243,17
DA:248,4
DA:249,3
DA:266,2
DA:268,38
DA:269,82
DA:270,1
DA:271,3
DA:273,59
DA:274,17
DA:279,4
DA:280,3
DA:297,2
DA:299,38
DA:300,74
DA:301,1
DA:302,3
DA:304,45
DA:305,27
DA:306,17
DA:311,27
DA:312,4
DA:313,4
DA:314,31
DA:315,34
DA:316,24
DA:317,1
DA:319,38
DA:320,10
DA:321,2
DA:325,3
DA:327,22
DA:328,27
DA:329,55
DA:330,3
DA:331,1
DA:332,9
DA:333,4
DA:337,5
DA:338,3
DA:362,2
DA:364,3
DA:365,20
DA:366,24
DA:367,43
DA:368,21
DA:369,6
DA:370,27
DA:371,16
DA:372,22
DA:373,42
DA:374,21
DA:375,2
DA:376,8
DA:377,21
DA:378,38
DA:379,8
DA:380,55
DA:381,2
DA:382,3
DA:383,5
DA:384,13
DA:385,122
DA:386,159
DA:387,32
DA:388,18
DA:389,2
DA:391,2
DA:396,4
DA:397,8
DA:418,2
DA:420,3
DA:421,13
DA:422,154
DA:423,29
DA:424,18
DA:425,2
DA:427,2
DA:432,31
DA:433,4
DA:434,5
DA:435,3
DA:459,2
DA:461,3
DA:462,20
DA:463,16
DA:464,16
DA:465,22
DA:466,42
DA:467,21
DA:468,2
DA:469,8
DA:470,21
DA:471,38
DA:472,8
DA:473,26
DA:474,24
DA:475,5
DA:476,2
DA:477,3
DA:478,5
DA:479,13
DA:480,133
DA:481,32
DA:482,18
DA:483,2
DA:485,2
DA:490,6
DA:491,6
DA:492,43
DA:493,1
DA:494,9
DA:495,4
DA:496,4
DA:497,9
DA:530,2
DA:532,3
DA:533,13
DA:534,176
DA:535,18
DA:536,2
DA:538,2
DA:539,4
DA:540,13
DA:573,2
DA:575,3
DA:576,13
DA:577,185
DA:578,18
DA:579,2
DA:581,2
DA:582,4
DA:583,8
DA:616,2
DA:618,3
DA:619,13
DA:620,175
DA:621,18
DA:622,2
DA:624,2
DA:625,4
DA:626,11
DA:659,2
DA:661,3
DA:662,13
DA:663,178
DA:664,18
DA:665,2
DA:668,2
DA:673,6
DA:674,3
DA:675,21
DA:676,25
DA:677,39
DA:678,6
DA:679,30
DA:680,24
DA:681,6
DA:682,21
DA:683,39
DA:684,6
DA:685,53
DA:686,3
DA:687,1
DA:688,9
DA:689,4
DA:690,4
DA:691,19
DA:730,2
DA:732,3
DA:733,13
DA:734,84
DA:735,18
DA:736,2
DA:738,2
DA:739,4
DA:740,10
DA:779,2
DA:781,3
DA:782,13
DA:783,75
DA:784,18
DA:785,2
DA:787,2
DA:788,4
DA:789,10
DA:828,2
DA:830,3
DA:831,13
DA:832,75
DA:833,18
DA:834,2
DA:836,2
DA:837,4
DA:838,12
DA:877,2
DA:879,3
DA:880,13
DA:881,77
DA:882,18
DA:883,2
DA:885,2
DA:886,4
DA:887,15
DA:926,2
DA:928,3
DA:929,13
DA:930,80
DA:931,18
DA:932,2
DA:934,2
DA:935,4
DA:936,13
DA:975,2
DA:977,3
DA:978,13
DA:979,78
DA:980,18
DA:981,2
DA:983,2
DA:984,4
DA:985,10
DA:1024,2
DA:1026,3
DA:1027,13
DA:1028,75
DA:1029,18
DA:1030,2
DA:1032,2
DA:1033,4
DA:1034,17
DA:1073,2
DA:1075,3
DA:1076,13
DA:1077,144
DA:1078,18
DA:1079,2
DA:1081,2
DA:1082,4
DA:1083,17
DA:1121,2
DA:1123,3
DA:1124,13
DA:1125,82
DA:1126,18
DA:1127,2
DA:1130,2
DA:1135,29
DA:1136,4
DA:1140,4
DA:1141,3
DA:1176,2
DA:1178,3
DA:1179,21
DA:1180,25
DA:1181,39
DA:1182,6
DA:1183,30
DA:1184,24
DA:1185,6
DA:1186,21
DA:1187,39
DA:1188,6
DA:1189,26
DA:1190,24
DA:1191,3
DA:1192,5
DA:1193,13
DA:1194,79
DA:1195,18
DA:1196,2
DA:1198,2
DA:1203,4
DA:1204,10
DA:1254,2
DA:1256,3
DA:1257,21
DA:1258,25
DA:1259,39
DA:1260,6
DA:1261,30
DA:1262,24
DA:1263,6
DA:1264,31
DA:1265,39
DA:1266,6
DA:1267,36
DA:1268,24
DA:1269,6
DA:1270,27
DA:1271,39
DA:1272,6
DA:1273,32
DA:1274,24
DA:1275,6
DA:1276,39
DA:1277,5
DA:1278,13
DA:1279,86
DA:1280,18
DA:1281,2
DA:1283,2
DA:1288,32
DA:1289,10
DA:1290,3
DA:1291,22
DA:1292,27
DA:1293,35
DA:1294,17
DA:1295,14
DA:1296,7
DA:1297,27
DA:1298,3
DA:1299,1
DA:1300,9
DA:1301,4
DA:1302,4
DA:1303,3
DA:1349,2
DA:1351,6
DA:1352,45
DA:1353,13
DA:1354,78
DA:1355,18
DA:1356,2
DA:1358,2
DA:1359,4
DA:1360,10
DA:1423,2
DA:1425,3
DA:1426,21
DA:1427,25
DA:1428,39
DA:1429,6
DA:1430,30
DA:1431,24
DA:1432,6
DA:1433,31
DA:1434,39
DA:1435,6
DA:1436,36
DA:1437,24
DA:1438,6
DA:1439,27
DA:1440,39
DA:1441,6
DA:1442,32
DA:1443,24
DA:1444,6
DA:1445,39
DA:1446,5
DA:1447,13
DA:1448,159
DA:1449,18
DA:1450,2
DA:1459,2
DA:1464,5
DA:1465,30
DA:1488,2
DA:1490,3
DA:1491,22
DA:1492,27
DA:1493,29
DA:1494,5
DA:1495,20
DA:1496,16
DA:1497,16
DA:1498,22
DA:1499,53
DA:1500,8
DA:1501,67
DA:1502,55
DA:1503,2
DA:1504,3
DA:1505,5
DA:1506,13
DA:1507,113
DA:1508,32
DA:1509,18
DA:1510,2
DA:1512,2
DA:1517,62
DA:1518,15
DA:1519,31
DA:1520,51
DA:1521,4
DA:1525,5
DA:1526,3
DA:1540,2
DA:1542,37
DA:1543,2
DA:1548,4
DA:1549,13
DA:1566,2
DA:1568,3
DA:1569,13
DA:1570,64
DA:1571,18
DA:1572,2
DA:1574,2
DA:1579,4
DA:1580,8
DA:1597,2
DA:1599,3
DA:1600,13
DA:1601,54
DA:1602,18
DA:1603,2
DA:1605,2
DA:1610,4
DA:1611,12
DA:1628,2
DA:1630,38
DA:1631,82
DA:1632,1
DA:1633,2
DA:1639,42
DA:1641,1
DA:1642,1
DA:1643,3
DA:1648,64
DA:1649,15
DA:1650,31
DA:1651,51
DA:1652,4
DA:1656,5
DA:1657,3
DA:1671,2
DA:1673,29
DA:1674,2
DA:1679,4
DA:1680,13
DA:1697,2
DA:1699,3
DA:1700,13
DA:1701,56
DA:1702,18
DA:1703,2
DA:1705,2
DA:1710,4
DA:1711,8
DA:1728,2
DA:1730,3
DA:1731,13
DA:1732,46
DA:1733,18
DA:1734,2
DA:1736,2
DA:1741,4
DA:1742,12
DA:1759,2
DA:1761,38
DA:1762,74
DA:1763,1
DA:1764,2
DA:1770,34
DA:1772,1
DA:1773,1
DA:1774,2
LF:1775
LH:551
end_of_record
TN:
SF:src/v1/adapters/github/params.ts
FNF:1
FNH:1
DA:1,93
DA:7,51
DA:8,36
DA:9,3
DA:10,51
DA:11,36
DA:12,3
DA:13,54
DA:14,39
DA:15,2
LF:16
LH:10
end_of_record
TN:
SF:src/v1/adapters/github/scopes.ts
FNF:41
FNH:0
DA:1,240
DA:8,92
DA:9,102
DA:14,91
DA:34,455
DA:62,385
DA:83,2
DA:85,118
DA:86,54
DA:87,46
DA:88,54
DA:89,54
DA:91,38
DA:92,38
DA:94,64
DA:95,64
DA:97,46
DA:98,29
DA:108,35
DA:135,7
DA:147,21
DA:176,22
DA:191,19
DA:213,19
DA:227,19
DA:241,18
DA:243,2
DA:245,102
DA:246,54
DA:247,46
DA:248,54
DA:249,54
DA:251,38
DA:252,38
DA:254,64
DA:255,64
DA:257,46
DA:258,29
DA:268,35
DA:295,7
DA:307,21
DA:336,22
DA:350,19
DA:364,19
DA:374,19
DA:384,18
DA:386,2
DA:389,69
DA:412,126
DA:428,100
DA:429,54
DA:430,46
DA:431,52
DA:432,68
DA:433,50
DA:434,50
DA:435,54
DA:436,60
DA:437,56
DA:438,58
DA:439,50
DA:440,64
DA:441,78
DA:443,46
DA:444,90
DA:445,112
DA:446,94
DA:447,94
DA:448,98
DA:449,104
DA:450,100
DA:451,102
DA:452,94
DA:453,108
DA:454,108
DA:456,56
DA:457,78
DA:458,60
DA:459,60
DA:460,64
DA:461,70
DA:462,66
DA:463,68
DA:464,60
DA:465,74
DA:466,74
DA:468,46
DA:469,29
DA:480,40
DA:567,7
DA:579,21
DA:605,22
DA:650,56
DA:713,56
DA:728,19
DA:749,19
DA:772,19
DA:825,19
DA:852,19
DA:880,19
DA:943,19
DA:994,19
DA:1060,19
DA:1125,19
DA:1151,19
DA:1194,19
DA:1217,19
DA:1279,18
DA:1281,1
LF:1392
LH:109
end_of_record
TN:
SF:src/v1/adapters/github/types.ts
FNF:7
FNH:7
DA:7,32
DA:14,28
DA:42,127
DA:43,56
DA:54,103
DA:55,70
DA:56,68
DA:59,183
DA:60,60
DA:61,58
DA:66,115
DA:67,41
DA:68,49
DA:69,49
DA:70,53
DA:73,115
DA:74,41
DA:75,66
DA:78,127
DA:79,46
DA:80,44
DA:81,54
DA:82,50
DA:83,66
DA:84,48
DA:85,48
DA:86,52
DA:87,58
DA:88,54
DA:89,56
DA:90,48
DA:91,62
DA:92,64
DA:95,146
DA:96,49
DA:97,55
LF:99
LH:36
end_of_record
TN:
SF:src/v1/adapters/jira/functions/authenticate.ts
FNF:4
FNH:0
DA:1,30
DA:2,32
DA:3,38
DA:4,61
DA:5,46
DA:6,58
DA:7,57
DA:8,40
DA:9,63
DA:10,62
DA:11,60
DA:15,57
DA:17,40
DA:18,7
DA:19,23
DA:20,21
DA:21,15
DA:22,16
DA:23,1
DA:24,3
DA:57,1
DA:60,39
DA:61,14
DA:62,8
DA:63,17
DA:98,3
DA:102,66
DA:103,14
DA:104,14
DA:105,5
DA:106,9
DA:136,2
DA:166,3
DA:168,13
DA:169,13
DA:170,117
DA:171,34
DA:172,2
DA:174,2
LF:175
LH:39
end_of_record
TN:
SF:src/v1/adapters/jira/functions/validate.ts
FNF:1
FNH:0
DA:12,1
LF:14
LH:1
end_of_record
TN:
SF:src/v1/adapters/jira/index.ts
FNF:3
FNH:2
DA:1,30
DA:2,42
DA:3,53
DA:4,60
DA:5,70
DA:6,45
DA:56,63
DA:57,15
DA:58,36
DA:59,49
DA:60,8
DA:61,21
DA:73,2
DA:75,3
DA:76,13
DA:77,13
DA:78,80
DA:79,16
DA:80,2
DA:84,1
DA:85,1
DA:86,2
LF:87
LH:22
end_of_record
TN:
SF:src/v1/adapters/jira/scopes.ts
FNF:4
FNH:0
DA:1,105
DA:10,43
DA:15,2
DA:23,2
DA:71,2
DA:85,1
LF:88
LH:6
end_of_record
TN:
SF:src/v1/adapters/jira/types.ts
FNF:1
FNH:1
DA:1,174
DA:2,60
LF:6
LH:2
end_of_record
TN:
SF:src/v1/adapters/parse.ts
FNF:2
FNH:0
DA:17,1
LF:38
LH:1
end_of_record
TN:
SF:src/v1/adapters/plugins.ts
FNF:3
FNH:2
DA:1,30
DA:2,59
DA:3,38
DA:4,43
DA:5,53
DA:15,43
DA:16,14
DA:17,32
DA:18,16
DA:19,2
DA:20,14
DA:21,16
DA:22,6
DA:26,1
DA:28,1
DA:29,26
DA:30,1
LF:31
LH:17
end_of_record
TN:
SF:src/v1/adapters/scopes.ts
FNF:3
FNH:0
DA:2,45
DA:3,44
DA:4,2
DA:6,94
DA:10,27
DA:15,26
DA:17,1
LF:18
LH:7
end_of_record
TN:
SF:src/v1/index.ts
FNF:2
FNH:2
DA:1,30
DA:2,42
DA:4,79
DA:10,94
DA:16,79
DA:17,75
DA:18,45
DA:20,55
DA:21,25
DA:22,4
DA:23,27
DA:24,25
DA:25,20
DA:26,17
DA:27,16
DA:33,2
DA:34,70
DA:35,4
DA:36,11
DA:39,27
DA:40,21
DA:41,14
DA:42,18
DA:43,28
DA:45,48
DA:46,4
DA:47,20
DA:48,13
DA:49,46
DA:50,13
DA:51,89
DA:52,20
DA:53,6
DA:54,13
DA:55,9
DA:56,23
DA:57,72
DA:58,8
DA:59,9
DA:60,21
DA:61,70
DA:62,8
DA:63,9
DA:64,31
DA:65,13
DA:66,73
DA:67,5
DA:68,6
DA:69,19
DA:70,26
DA:71,23
DA:72,23
DA:73,27
DA:74,27
DA:75,7
DA:76,5
DA:77,3
DA:78,4
DA:79,19
DA:80,17
DA:81,18
DA:82,49
DA:83,72
DA:84,26
DA:85,19
DA:86,20
DA:87,20
DA:88,5
DA:89,6
DA:90,23
DA:91,41
DA:92,3
DA:93,2
DA:94,1
DA:95,2
LF:96
LH:75
end_of_record
