TN:
SF:src/config.ts
FNF:2
FNH:1
DA:1,30
DA:2,39
DA:5,28
DA:6,44
DA:7,35
DA:8,34
DA:9,77
DA:10,60
DA:11,68
DA:14,27
DA:15,10
DA:16,16
DA:17,31
DA:18,44
DA:19,19
DA:20,16
DA:21,32
DA:22,10
DA:23,17
DA:24,31
DA:25,7
DA:26,5
DA:27,6
DA:28,17
DA:29,41
DA:30,52
DA:31,46
DA:32,25
DA:33,19
DA:34,16
DA:35,37
DA:36,10
DA:37,17
DA:38,31
DA:39,10
DA:40,17
DA:41,48
DA:42,7
DA:43,5
DA:44,3
DA:45,4
DA:46,14
DA:47,40
DA:48,17
DA:49,4
DA:50,11
DA:51,15
DA:52,55
DA:53,22
DA:54,3
DA:55,2
DA:56,2
DA:59,30
DA:60,24
DA:61,48
DA:62,33
DA:63,2
DA:66,469
DA:81,101
DA:83,177
DA:85,88
DA:86,156
DA:89,167
DA:90,185
DA:93,81
DA:94,98
DA:100,28
DA:101,6
DA:102,10
DA:103,10
DA:104,11
DA:105,10
DA:106,11
DA:107,9
DA:108,2
DA:109,38
DA:110,31
DA:111,34
DA:112,1
DA:113,61
DA:114,30
DA:118,3
LF:120
LH:82
end_of_record
TN:
SF:src/environment.ts
FNF:1
FNH:1
DA:2,45
DA:3,56
DA:6,57
DA:7,53
DA:10,33
DA:11,59
DA:12,33
DA:13,59
DA:16,77
DA:17,2
DA:18,3
DA:21,35
DA:22,29
DA:23,21
DA:24,3
DA:25,49
DA:26,7
DA:27,38
DA:28,30
DA:29,3
DA:30,7
DA:31,21
DA:32,42
DA:33,36
DA:34,28
DA:35,3
DA:36,46
DA:37,40
DA:38,32
DA:39,3
DA:40,47
DA:41,41
DA:42,33
DA:43,2
LF:44
LH:34
end_of_record
TN:
SF:src/index.ts
FNF:5
FNH:5
DA:1,30
DA:2,36
DA:3,46
DA:4,36
DA:5,48
DA:7,102
DA:14,24
DA:15,35
DA:17,31
DA:18,35
DA:19,4
DA:20,16
DA:22,19
DA:23,12
DA:24,1
DA:25,2
DA:26,4
DA:27,8
DA:28,21
DA:29,1
DA:30,2
DA:43,12
DA:44,17
DA:47,24
DA:48,28
DA:49,4
DA:50,21
DA:51,19
DA:52,37
DA:53,2
DA:54,4
DA:55,8
DA:56,14
DA:57,50
DA:59,3
DA:60,13
DA:61,13
DA:62,107
DA:63,33
DA:64,2
DA:67,2
DA:68,8
DA:69,14
DA:71,29
DA:72,55
DA:73,27
DA:74,54
DA:75,3
DA:76,65
DA:78,11
DA:79,88
DA:80,45
DA:81,2
LF:82
LH:53
end_of_record
TN:
SF:src/v1/adapters/github/error.ts
FNF:3
FNH:0
DA:10,1
DA:24,7
DA:28,54
DA:32,41
DA:34,1
LF:35
LH:5
end_of_record
TN:
SF:src/v1/adapters/github/functions/app.ts
FNF:1
FNH:1
DA:1,28
DA:2,149
DA:10,36
DA:12,23
DA:13,37
DA:14,12
DA:15,35
DA:16,40
DA:17,4
DA:18,15
DA:19,35
DA:20,2
DA:21,2
LF:22
LH:13
end_of_record
TN:
SF:src/v1/adapters/github/functions/authenticate.ts
FNF:8
FNH:0
DA:1,33
DA:2,32
DA:3,33
DA:4,32
DA:5,64
DA:6,38
DA:7,52
DA:9,40
DA:10,44
DA:11,61
DA:12,43
DA:13,54
DA:17,61
DA:19,42
DA:20,7
DA:21,25
DA:22,21
DA:23,15
DA:24,16
DA:29,1
DA:30,3
DA:54,1
DA:87,1
DA:90,39
DA:91,16
DA:92,8
DA:93,17
DA:123,3
DA:127,72
DA:128,14
DA:129,16
DA:130,5
DA:131,7
DA:145,2
DA:169,3
DA:171,20
DA:172,17
DA:173,16
DA:174,16
DA:175,2
DA:176,6
DA:177,28
DA:178,17
DA:179,16
DA:180,2
DA:181,6
DA:182,34
DA:183,5
DA:184,13
DA:185,52
DA:186,36
DA:187,2
DA:189,2
DA:190,5
DA:191,9
DA:205,2
DA:211,3
DA:213,13
DA:214,52
DA:215,36
DA:216,2
DA:218,2
DA:246,1
LF:248
LH:63
end_of_record
TN:
SF:src/v1/adapters/github/functions/crypto.ts
FNF:2
FNH:0
DA:1,56
DA:46,1
DA:91,1
LF:93
LH:3
end_of_record
TN:
SF:src/v1/adapters/github/functions/fetch.ts
FNF:6
FNH:0
DA:1,54
DA:2,68
DA:8,89
DA:15,46
DA:16,48
DA:18,43
DA:19,75
DA:74,1
DA:100,1
DA:148,1
DA:194,1
DA:248,1
LF:251
LH:12
end_of_record
TN:
SF:src/v1/adapters/github/functions/parse.ts
FNF:3
FNH:0
DA:2,42
DA:37,1
DA:56,1
DA:75,1
LF:77
LH:4
end_of_record
TN:
SF:src/v1/adapters/github/globals.ts
FNF:1
FNH:1
DA:1,36
DA:3,37
DA:4,1
LF:5
LH:3
end_of_record
TN:
SF:src/v1/adapters/github/graphql.ts
FNF:3
FNH:0
DA:1,36
DA:2,65
DA:9,46
DA:11,110
DA:62,2
DA:92,2
DA:119,1
LF:126
LH:7
end_of_record
TN:
SF:src/v1/adapters/github/index.ts
FNF:52
FNH:19
DA:7,33
DA:8,97
DA:14,78
DA:15,58
DA:16,53
DA:17,41
DA:18,150
DA:26,94
DA:31,70
DA:32,67
DA:34,31
DA:42,75
DA:43,3
DA:52,2
DA:54,3
DA:55,13
DA:56,13
DA:57,148
DA:58,30
DA:59,2
DA:61,3
DA:68,65
DA:69,15
DA:70,31
DA:71,45
DA:72,4
DA:73,4
DA:74,4
DA:78,2
DA:80,3
DA:81,13
DA:82,13
DA:83,96
DA:84,18
DA:85,2
DA:87,2
DA:88,4
DA:89,11
DA:95,2
DA:97,3
DA:98,13
DA:99,13
DA:100,113
DA:101,18
DA:102,2
DA:106,1
DA:107,1
DA:108,3
DA:119,29
DA:120,29
DA:121,23
DA:122,2
DA:123,14
DA:124,15
DA:125,95
DA:126,26
DA:128,13
DA:129,22
DA:130,16
DA:131,18
DA:132,22
DA:133,55
DA:134,10
DA:135,69
DA:136,57
DA:137,2
DA:138,5
DA:139,7
DA:140,15
DA:141,24
DA:142,20
DA:143,3
DA:144,3
DA:153,63
DA:154,16
DA:155,47
DA:156,15
DA:157,18
DA:158,20
DA:159,3
DA:160,3
DA:168,55
DA:169,13
DA:170,23
DA:171,68
DA:172,41
DA:173,4
DA:174,3
DA:181,67
DA:182,17
DA:187,4
DA:188,3
DA:205,2
DA:207,38
DA:208,82
DA:209,1
DA:210,3
DA:212,59
DA:213,17
DA:218,4
DA:219,3
DA:236,2
DA:238,38
DA:239,74
DA:240,1
DA:241,3
DA:243,45
DA:244,27
DA:245,17
DA:250,27
DA:251,4
DA:252,4
DA:253,31
DA:254,34
DA:255,24
DA:256,1
DA:258,38
DA:259,10
DA:260,2
DA:264,3
DA:266,22
DA:267,27
DA:268,55
DA:269,3
DA:270,1
DA:271,9
DA:272,4
DA:276,5
DA:277,3
DA:301,2
DA:303,3
DA:304,20
DA:305,24
DA:306,43
DA:307,21
DA:308,6
DA:309,27
DA:310,16
DA:311,22
DA:312,42
DA:313,21
DA:314,2
DA:315,8
DA:316,21
DA:317,38
DA:318,8
DA:319,55
DA:320,2
DA:321,3
DA:322,5
DA:323,13
DA:324,122
DA:325,159
DA:326,32
DA:327,18
DA:328,2
DA:330,2
DA:335,4
DA:336,8
DA:357,2
DA:359,3
DA:360,13
DA:361,154
DA:362,29
DA:363,18
DA:364,2
DA:366,2
DA:371,31
DA:372,4
DA:373,5
DA:374,3
DA:398,2
DA:400,3
DA:401,20
DA:402,16
DA:403,16
DA:404,22
DA:405,42
DA:406,21
DA:407,2
DA:408,8
DA:409,21
DA:410,38
DA:411,8
DA:412,26
DA:413,24
DA:414,5
DA:415,2
DA:416,3
DA:417,5
DA:418,13
DA:419,133
DA:420,32
DA:421,18
DA:422,2
DA:424,2
DA:429,6
DA:430,6
DA:431,43
DA:432,1
DA:433,9
DA:434,4
DA:435,4
DA:436,9
DA:469,2
DA:471,3
DA:472,13
DA:473,176
DA:474,18
DA:475,2
DA:477,2
DA:478,4
DA:479,13
DA:512,2
DA:514,3
DA:515,13
DA:516,185
DA:517,18
DA:518,2
DA:520,2
DA:521,4
DA:522,8
DA:555,2
DA:557,3
DA:558,13
DA:559,175
DA:560,18
DA:561,2
DA:563,2
DA:564,4
DA:565,11
DA:598,2
DA:600,3
DA:601,13
DA:602,178
DA:603,18
DA:604,2
DA:607,2
DA:612,6
DA:613,3
DA:614,21
DA:615,25
DA:616,39
DA:617,6
DA:618,30
DA:619,24
DA:620,6
DA:621,21
DA:622,39
DA:623,6
DA:624,53
DA:625,3
DA:626,1
DA:627,9
DA:628,4
DA:629,4
DA:630,19
DA:669,2
DA:671,3
DA:672,13
DA:673,84
DA:674,18
DA:675,2
DA:677,2
DA:678,4
DA:679,10
DA:718,2
DA:720,3
DA:721,13
DA:722,75
DA:723,18
DA:724,2
DA:726,2
DA:727,4
DA:728,10
DA:767,2
DA:769,3
DA:770,13
DA:771,75
DA:772,18
DA:773,2
DA:775,2
DA:776,4
DA:777,12
DA:816,2
DA:818,3
DA:819,13
DA:820,77
DA:821,18
DA:822,2
DA:824,2
DA:825,4
DA:826,15
DA:865,2
DA:867,3
DA:868,13
DA:869,80
DA:870,18
DA:871,2
DA:873,2
DA:874,4
DA:875,13
DA:914,2
DA:916,3
DA:917,13
DA:918,78
DA:919,18
DA:920,2
DA:922,2
DA:923,4
DA:924,10
DA:963,2
DA:965,3
DA:966,13
DA:967,75
DA:968,18
DA:969,2
DA:972,2
DA:977,29
DA:978,4
DA:982,4
DA:983,3
DA:1018,2
DA:1020,3
DA:1021,21
DA:1022,25
DA:1023,39
DA:1024,6
DA:1025,30
DA:1026,24
DA:1027,6
DA:1028,21
DA:1029,39
DA:1030,6
DA:1031,26
DA:1032,24
DA:1033,3
DA:1034,5
DA:1035,13
DA:1036,79
DA:1037,18
DA:1038,2
DA:1040,2
DA:1045,4
DA:1046,10
DA:1095,2
DA:1097,3
DA:1098,21
DA:1099,25
DA:1100,39
DA:1101,6
DA:1102,30
DA:1103,24
DA:1104,6
DA:1105,31
DA:1106,39
DA:1107,6
DA:1108,36
DA:1109,24
DA:1110,6
DA:1111,27
DA:1112,39
DA:1113,6
DA:1114,32
DA:1115,24
DA:1116,6
DA:1117,39
DA:1118,5
DA:1119,13
DA:1120,86
DA:1121,18
DA:1122,2
DA:1124,2
DA:1129,32
DA:1130,10
DA:1131,3
DA:1132,22
DA:1133,27
DA:1134,35
DA:1135,17
DA:1136,14
DA:1137,7
DA:1138,27
DA:1139,3
DA:1140,1
DA:1141,9
DA:1142,4
DA:1143,4
DA:1144,3
DA:1190,2
DA:1192,6
DA:1193,45
DA:1194,13
DA:1195,78
DA:1196,18
DA:1197,2
DA:1199,2
DA:1200,4
DA:1201,10
DA:1264,2
DA:1266,3
DA:1267,21
DA:1268,25
DA:1269,39
DA:1270,6
DA:1271,30
DA:1272,24
DA:1273,6
DA:1274,31
DA:1275,39
DA:1276,6
DA:1277,36
DA:1278,24
DA:1279,6
DA:1280,27
DA:1281,39
DA:1282,6
DA:1283,32
DA:1284,24
DA:1285,6
DA:1286,39
DA:1287,5
DA:1288,13
DA:1289,159
DA:1290,18
DA:1291,2
DA:1300,2
DA:1305,5
DA:1306,30
DA:1329,2
DA:1331,3
DA:1332,22
DA:1333,27
DA:1334,29
DA:1335,5
DA:1336,20
DA:1337,16
DA:1338,16
DA:1339,22
DA:1340,53
DA:1341,8
DA:1342,67
DA:1343,55
DA:1344,2
DA:1345,3
DA:1346,5
DA:1347,13
DA:1348,113
DA:1349,32
DA:1350,18
DA:1351,2
DA:1353,2
DA:1358,62
DA:1359,15
DA:1360,31
DA:1361,51
DA:1362,4
DA:1366,5
DA:1367,3
DA:1381,2
DA:1383,37
DA:1384,2
DA:1389,4
DA:1390,13
DA:1407,2
DA:1409,3
DA:1410,13
DA:1411,64
DA:1412,18
DA:1413,2
DA:1415,2
DA:1420,4
DA:1421,8
DA:1438,2
DA:1440,3
DA:1441,13
DA:1442,54
DA:1443,18
DA:1444,2
DA:1446,2
DA:1451,4
DA:1452,12
DA:1469,2
DA:1471,38
DA:1472,82
DA:1473,1
DA:1474,2
DA:1480,42
DA:1482,1
DA:1483,1
DA:1484,3
DA:1489,64
DA:1490,15
DA:1491,31
DA:1492,51
DA:1493,4
DA:1497,5
DA:1498,3
DA:1512,2
DA:1514,29
DA:1515,2
DA:1520,4
DA:1521,13
DA:1538,2
DA:1540,3
DA:1541,13
DA:1542,56
DA:1543,18
DA:1544,2
DA:1546,2
DA:1551,4
DA:1552,8
DA:1569,2
DA:1571,3
DA:1572,13
DA:1573,46
DA:1574,18
DA:1575,2
DA:1577,2
DA:1582,4
DA:1583,12
DA:1600,2
DA:1602,38
DA:1603,74
DA:1604,1
DA:1605,2
DA:1611,34
DA:1613,1
DA:1614,1
DA:1615,2
LF:1616
LH:530
end_of_record
TN:
SF:src/v1/adapters/github/params.ts
FNF:1
FNH:1
DA:1,93
DA:7,51
DA:8,36
DA:9,3
DA:10,51
DA:11,36
DA:12,3
DA:13,54
DA:14,39
DA:15,2
LF:16
LH:10
end_of_record
TN:
SF:src/v1/adapters/github/plugins.ts
FNF:3
FNH:2
DA:1,30
DA:2,75
DA:3,38
DA:4,46
DA:14,43
DA:15,14
DA:16,32
DA:17,16
DA:18,2
DA:19,14
DA:20,16
DA:21,6
DA:25,1
DA:27,1
DA:28,26
DA:29,1
LF:30
LH:16
end_of_record
TN:
SF:src/v1/adapters/github/scopes.ts
FNF:40
FNH:0
DA:1,240
DA:8,91
DA:14,45
DA:15,59
DA:37,455
DA:65,385
DA:86,2
DA:88,70
DA:92,28
DA:95,54
DA:96,46
DA:97,54
DA:98,54
DA:100,38
DA:101,38
DA:103,64
DA:104,64
DA:106,46
DA:107,29
DA:118,35
DA:145,7
DA:157,21
DA:186,22
DA:201,19
DA:223,19
DA:237,19
DA:251,18
DA:253,2
DA:255,54
DA:259,28
DA:262,54
DA:263,46
DA:264,54
DA:265,54
DA:267,38
DA:268,38
DA:270,64
DA:271,64
DA:273,46
DA:274,29
DA:285,35
DA:312,7
DA:324,21
DA:353,22
DA:367,19
DA:381,19
DA:416,19
DA:434,18
DA:436,2
DA:438,52
DA:442,28
DA:445,54
DA:446,46
DA:447,52
DA:448,68
DA:449,50
DA:450,50
DA:451,54
DA:452,60
DA:453,56
DA:454,58
DA:455,64
DA:457,46
DA:458,32
DA:459,54
DA:460,36
DA:461,36
DA:462,40
DA:463,46
DA:464,42
DA:465,44
DA:466,36
DA:468,56
DA:469,78
DA:470,60
DA:471,60
DA:472,64
DA:473,70
DA:474,66
DA:475,68
DA:476,60
DA:478,46
DA:479,29
DA:502,40
DA:580,7
DA:592,21
DA:618,22
DA:659,52
DA:718,32
DA:733,19
DA:754,19
DA:777,19
DA:830,19
DA:857,19
DA:885,19
DA:950,19
DA:1035,19
DA:1065,19
DA:1130,19
DA:1156,19
DA:1200,18
DA:1202,2
LF:1275
LH:102
end_of_record
TN:
SF:src/v1/adapters/github/types.ts
FNF:7
FNH:7
DA:7,32
DA:14,28
DA:42,127
DA:43,56
DA:54,103
DA:55,70
DA:56,68
DA:59,183
DA:60,60
DA:61,58
DA:66,115
DA:67,41
DA:68,49
DA:69,49
DA:70,53
DA:73,115
DA:74,41
DA:75,66
DA:78,127
DA:79,46
DA:80,44
DA:81,54
DA:82,50
DA:83,66
DA:84,48
DA:85,48
DA:86,52
DA:87,58
DA:88,54
DA:89,56
DA:90,50
DA:93,146
DA:94,49
DA:95,55
LF:97
LH:34
end_of_record
TN:
SF:src/v1/index.ts
FNF:1
FNH:1
DA:1,30
DA:2,42
DA:4,79
DA:10,94
DA:16,83
DA:18,55
DA:19,25
DA:20,4
DA:21,31
DA:22,25
DA:23,20
DA:24,17
DA:25,16
DA:26,2
DA:27,4
DA:28,11
DA:29,27
DA:30,21
DA:31,14
DA:32,18
DA:33,28
DA:35,48
DA:36,4
DA:37,20
DA:38,13
DA:39,46
DA:40,13
DA:41,89
DA:42,21
DA:43,6
DA:44,13
DA:45,9
DA:46,23
DA:47,72
DA:48,8
DA:49,9
DA:50,31
DA:51,13
DA:52,73
DA:53,5
DA:54,3
DA:55,4
DA:56,19
DA:57,17
DA:58,18
DA:59,49
DA:60,72
DA:61,26
DA:62,19
DA:63,20
DA:64,20
DA:65,5
DA:66,3
DA:67,2
DA:68,1
DA:69,2
LF:70
LH:56
end_of_record
